{"name": "test_password_validation[Aaaaa-Oops! Your password seems to be incorrect. Please try again or use a verification link]", "status": "failed", "statusDetails": {"message": "AssertionError: soft assertion failures:\n1. Expected <Success> to contain item <Oops! Your password seems to be incorrect. Please try again or use a verification link>, but did not.", "trace": "self = <tests.test_sign_in.TestSignIn object at 0x00000212FEBEA360>, driver = <selenium.webdriver.chrome.webdriver.WebDriver (session=\"85596074e3cac27ad24b35b784d307e5\")>, password = 'Aaaaa'\nexpected = 'Oops! Your password seems to be incorrect. Please try again or use a verification link'\n\n    @pytest.mark.parametrize('password, expected', AccountData.sign_in_password_data)\n    def test_password_validation(self, driver, password, expected):\n        rs = SignInSteps(driver)\n        rs.fill_password(password)\n>       with soft_assertions():\nE       AssertionError: soft assertion failures:\nE       1. Expected <Success> to contain item <Oops! Your password seems to be incorrect. Please try again or use a verification link>, but did not.\n\ntests\\test_sign_in.py:26: AssertionError"}, "attachments": [{"name": "tests_test_sign_in.py__TestSignIn__test_password_validation[Aaaaa-Oops! Your password seems to be incorrect. Please try again or use a verification link]_2024-02-05_22-53-28.png", "source": "723f6fb9-780a-4cc1-9b46-90d97b0b56be-attachment.png", "type": "image/png"}], "parameters": [{"name": "password", "value": "'Aaaaa'"}, {"name": "expected", "value": "'Oops! Your password seems to be incorrect. Please try again or use a verification link'"}], "start": 1707155584141, "stop": 1707155608673, "uuid": "0783bd0c-e9de-4e45-8cb1-da11ccda1a56", "historyId": "e16314f5cd8c93528f852aa91c5d1ced", "testCaseId": "b851450e2841dd8bfc23e0d44873c5a6", "fullName": "tests.test_sign_in.TestSignIn#test_password_validation", "labels": [{"name": "parentSuite", "value": "tests"}, {"name": "suite", "value": "test_sign_in"}, {"name": "subSuite", "value": "TestSignIn"}, {"name": "host", "value": "Alice"}, {"name": "thread", "value": "12564-MainThread"}, {"name": "framework", "value": "pytest"}, {"name": "language", "value": "cpython3"}, {"name": "package", "value": "tests.test_sign_in"}]}