{"name": "test_precondition[sabrorxojaev1@gmail.com-CorrectPassword1]", "status": "broken", "statusDetails": {"message": "selenium.common.exceptions.TimeoutException: Message: \nStacktrace:\n\tGetHandleVerifier [0x00007FF620195E42+3538674]\n\t(No symbol) [0x00007FF61FDB4C02]\n\t(No symbol) [0x00007FF61FC65AEB]\n\t(No symbol) [0x00007FF61FCABF4E]\n\t(No symbol) [0x00007FF61FCAC0CC]\n\t(No symbol) [0x00007FF61FCEE477]\n\t(No symbol) [0x00007FF61FCCF0EF]\n\t(No symbol) [0x00007FF61FCEBDE3]\n\t(No symbol) [0x00007FF61FCCEE53]\n\t(No symbol) [0x00007FF61FC9F514]\n\t(No symbol) [0x00007FF61FCA0631]\n\tGetHandleVerifier [0x00007FF6201C6CAD+3738973]\n\tGetHandleVerifier [0x00007FF62021C506+4089270]\n\tGetHandleVerifier [0x00007FF620214823+4057299]\n\tGetHandleVerifier [0x00007FF61FEE5C49+720121]\n\t(No symbol) [0x00007FF61FDC126F]\n\t(No symbol) [0x00007FF61FDBC304]\n\t(No symbol) [0x00007FF61FDBC432]\n\t(No symbol) [0x00007FF61FDABD04]\n\tBaseThreadInitThunk [0x00007FFD6575257D+29]\n\tRtlUserThreadStart [0x00007FFD6686AA58+40]", "trace": "self = <tests.test_upload_profile_image.TestUploadProfileImage object at 0x00000212FEBEB260>, driver_undetected = <seleniumbase.undetected.Chrome (session=\"9b5dc9154d24cfbadfd41f442babfa5a\")>, email = 'sabrorxojaev1@gmail.com'\npassword = 'CorrectPassword1'\n\n    @pytest.mark.parametrize('email, password',\n                             [('sabrorxojaev1@gmail.com', 'CorrectPassword1')])\n    def test_precondition(self, driver_undetected, email, password):\n        rs = SignInSteps(driver_undetected)\n        rs.open_page(Urls.HOME_URL)\n        rs.driver.refresh()\n        rs.open_sign_in()\n        rs.fill_email(email)\n        rs.submit_email()\n>       rs.fill_password(password)\n\ntests\\test_upload_profile_image.py:20: \n_ _ _ _ _ _ _ _ _ _ _ _ _ _ _ _ _ _ _ _ _ _ _ _ _ _ _ _ _ _ _ _ _ _ _ _ _ _ _ _ _ _ _ _ _ _ _ _ _ _ _ _ _ _ _ _ _ _ _ _ _ _ _ _ _ _ _ _ _ _ _ _ _ _ _ _ _ _ _ _ _ _ _ _ _ _ _ _ _ _ _ _ _ _ _ _ _ _ _ _ _ _ _ _ _ _ _ _ _ _ _ _ _ _\nfinal_project\\steps\\SignInSteps.py:34: in fill_password\n    elem = self.wait_for(sp.PASSWORD)\nfinal_project\\steps\\common_actions.py:15: in wait_for\n    return self._wait.until(ec.presence_of_element_located(locator))\n_ _ _ _ _ _ _ _ _ _ _ _ _ _ _ _ _ _ _ _ _ _ _ _ _ _ _ _ _ _ _ _ _ _ _ _ _ _ _ _ _ _ _ _ _ _ _ _ _ _ _ _ _ _ _ _ _ _ _ _ _ _ _ _ _ _ _ _ _ _ _ _ _ _ _ _ _ _ _ _ _ _ _ _ _ _ _ _ _ _ _ _ _ _ _ _ _ _ _ _ _ _ _ _ _ _ _ _ _ _ _ _ _ _\n\nself = <selenium.webdriver.support.wait.WebDriverWait (session=\"9b5dc9154d24cfbadfd41f442babfa5a\")>, method = <function presence_of_element_located.<locals>._predicate at 0x00000212FEB8E7A0>, message = ''\n\n    def until(self, method: Callable[[D], Union[Literal[False], T]], message: str = \"\") -> T:\n        \"\"\"Calls the method provided with the driver as an argument until the \\\n        return value does not evaluate to ``False``.\n    \n        :param method: callable(WebDriver)\n        :param message: optional message for :exc:`TimeoutException`\n        :returns: the result of the last call to `method`\n        :raises: :exc:`selenium.common.exceptions.TimeoutException` if timeout occurs\n        \"\"\"\n        screen = None\n        stacktrace = None\n    \n        end_time = time.monotonic() + self._timeout\n        while True:\n            try:\n                value = method(self._driver)\n                if value:\n                    return value\n            except self._ignored_exceptions as exc:\n                screen = getattr(exc, \"screen\", None)\n                stacktrace = getattr(exc, \"stacktrace\", None)\n            time.sleep(self._poll)\n            if time.monotonic() > end_time:\n                break\n>       raise TimeoutException(message, screen, stacktrace)\nE       selenium.common.exceptions.TimeoutException: Message: \nE       Stacktrace:\nE       \tGetHandleVerifier [0x00007FF620195E42+3538674]\nE       \t(No symbol) [0x00007FF61FDB4C02]\nE       \t(No symbol) [0x00007FF61FC65AEB]\nE       \t(No symbol) [0x00007FF61FCABF4E]\nE       \t(No symbol) [0x00007FF61FCAC0CC]\nE       \t(No symbol) [0x00007FF61FCEE477]\nE       \t(No symbol) [0x00007FF61FCCF0EF]\nE       \t(No symbol) [0x00007FF61FCEBDE3]\nE       \t(No symbol) [0x00007FF61FCCEE53]\nE       \t(No symbol) [0x00007FF61FC9F514]\nE       \t(No symbol) [0x00007FF61FCA0631]\nE       \tGetHandleVerifier [0x00007FF6201C6CAD+3738973]\nE       \tGetHandleVerifier [0x00007FF62021C506+4089270]\nE       \tGetHandleVerifier [0x00007FF620214823+4057299]\nE       \tGetHandleVerifier [0x00007FF61FEE5C49+720121]\nE       \t(No symbol) [0x00007FF61FDC126F]\nE       \t(No symbol) [0x00007FF61FDBC304]\nE       \t(No symbol) [0x00007FF61FDBC432]\nE       \t(No symbol) [0x00007FF61FDABD04]\nE       \tBaseThreadInitThunk [0x00007FFD6575257D+29]\nE       \tRtlUserThreadStart [0x00007FFD6686AA58+40]\n\nC:\\Users\\sabro\\AppData\\Local\\pypoetry\\Cache\\virtualenvs\\final-project-plEYY5ae-py3.12\\Lib\\site-packages\\selenium\\webdriver\\support\\wait.py:105: TimeoutException"}, "parameters": [{"name": "email", "value": "'sabrorxojaev1@gmail.com'"}, {"name": "password", "value": "'CorrectPassword1'"}], "start": 1707155633327, "stop": 1707155694866, "uuid": "1e3aac31-ba70-4ed2-8de9-34a2bc185dbf", "historyId": "7f9064a30f18ec22f0f0900fbc6ea4e6", "testCaseId": "51a90bd843f8a2baa647ac227cc887a8", "fullName": "tests.test_upload_profile_image.TestUploadProfileImage#test_precondition", "labels": [{"name": "parentSuite", "value": "tests"}, {"name": "suite", "value": "test_upload_profile_image"}, {"name": "subSuite", "value": "TestUploadProfileImage"}, {"name": "host", "value": "Alice"}, {"name": "thread", "value": "12564-MainThread"}, {"name": "framework", "value": "pytest"}, {"name": "language", "value": "cpython3"}, {"name": "package", "value": "tests.test_upload_profile_image"}]}